<?xml version="1.0" encoding="UTF-8"?>
<!-- Generated by org.testng.reporters.JUnitXMLReporter -->
<testsuite ignored="0" hostname="Shilnas-MacBook-Air.local" failures="1" tests="2" name="Test" time="16.525" errors="0" timestamp="2023-07-27T00:45:16 IST">
  <testcase classname="test.HomePageTest" name="clickonlink" time="2.833"/>
  <testcase classname="test.CreateAccountTest" name="clickonlink" time="0.03">
    <failure type="java.lang.NullPointerException" message="Cannot invoke &amp;quot;org.openqa.selenium.WebDriver.findElement(org.openqa.selenium.By)&amp;quot; because &amp;quot;this.driver&amp;quot; is null">
      <![CDATA[java.lang.NullPointerException: Cannot invoke "org.openqa.selenium.WebDriver.findElement(org.openqa.selenium.By)" because "this.driver" is null
at pages.CreateAccount.clickoncreate(CreateAccount.java:19)
at test.CreateAccountTest.clickonlink(CreateAccountTest.java:20)
at java.base/java.util.ArrayList.forEach(ArrayList.java:1511)
... Removed 25 stack frames]]>
    </failure>
  </testcase> <!-- clickonlink -->
</testsuite> <!-- Test -->
